<?xml version="1.0" encoding="UTF-8"?>
<!-- Generated by org.testng.reporters.JUnitReportReporter -->
<testsuite hostname="Nikitas-MacBook-Pro-5.local" failures="0" tests="1" name="Departure" time="40.715" errors="0" timestamp="2023-04-13T00:47:34 EEST" skipped="0">
  <testcase classname="Departure" name="continueAsAGuest" time="40.715"/>
  <system-out/>
</testsuite> <!-- Departure -->
