<?xml version="1.0" encoding="UTF-8"?>
<!-- Generated by org.testng.reporters.JUnitReportReporter -->
<testsuite hostname="Nikitas-MacBook-Pro-5.local" failures="0" tests="1" name="Departure" time="46.593" errors="0" timestamp="2023-04-15T03:23:29 EEST" skipped="0">
  <testcase classname="Departure" name="continueAsAGuest" time="46.593"/>
  <system-out/>
</testsuite> <!-- Departure -->
